2026-04-22 00:14:20,816 [INFO] Checking Project Hail Mary for 26/04/2026...
2026-04-22 00:14:20,816 [INFO] Codes: ET00451760, ET00492371
2026-04-22 00:14:21,314 [INFO] ET00451760: 1 theatres, no AMB/ALLU
2026-04-22 00:14:21,703 [INFO] ET00492371: Data is for 20260422, not 20260426 — skipping
2026-04-22 00:14:21,704 [INFO] No shows at AMB/ALLU for 26/04/2026 yet.
2026-04-22 00:15:01,054 [INFO] Checking Project Hail Mary for 26/04/2026...
2026-04-22 00:15:01,055 [INFO] Codes: ET00451760, ET00492371
2026-04-22 00:15:01,757 [INFO] ET00451760: 1 theatres, no AMB/ALLU
2026-04-22 00:15:02,181 [INFO] ET00492371: Data is for 20260422, not 20260426 — skipping
2026-04-22 00:15:02,182 [INFO] No shows at AMB/ALLU for 26/04/2026 yet.
2026-04-22 00:16:06,185 [INFO] Checking Project Hail Mary for 22/04/2026...
2026-04-22 00:16:06,185 [INFO] Codes: ET00451760, ET00492371
2026-04-22 00:16:06,667 [INFO] ET00451760: ALLU Cinemas: Kokapet -> (times in JS only)
2026-04-22 00:16:06,669 [INFO] ET00451760: AMB Cinemas: Gachibowli -> (times in JS only)
2026-04-22 00:16:06,953 [INFO] ET00492371: ALLU Cinemas: Kokapet -> (times in JS only)
2026-04-22 00:16:06,955 [INFO] ✓ NEW: ALLU Cinemas: Kokapet: Show added!
2026-04-22 00:16:06,955 [INFO] ✓ NEW: AMB Cinemas: Gachibowli: Show added!
2026-04-22 00:16:11,645 [INFO] Email sent!
2026-04-22 00:19:01,538 [INFO] Checking Project Hail Mary for 26/04/2026...
2026-04-22 00:19:01,539 [INFO] Codes: ET00451760, ET00492371
2026-04-22 00:19:01,845 [INFO] ET00451760: 1 theatres, no AMB/ALLU
2026-04-22 00:19:01,845 [INFO] Waiting 4.9s before next request...
2026-04-22 00:19:07,113 [INFO] ET00492371: Data is for 20260422, not 20260426 — skipping
2026-04-22 00:19:07,113 [INFO] No shows at AMB/ALLU for 26/04/2026 yet.
2026-04-22 00:25:43,491 [INFO] Checking Project Hail Mary for 26/04/2026...
2026-04-22 00:25:43,491 [INFO] Codes: ET00451760, ET00492371
2026-04-22 00:25:43,957 [INFO] ET00451760: 1 theatres, no AMB/ALLU
2026-04-22 00:25:43,958 [INFO] Waiting 61s before next request...
2026-04-22 00:26:45,224 [INFO] ET00492371: Data is for 20260422, not 20260426 — skipping
2026-04-22 00:26:45,225 [INFO] No shows at AMB/ALLU for 26/04/2026 yet.
2026-04-22 00:30:01,387 [INFO] Checking Project Hail Mary for 26/04/2026...
2026-04-22 00:30:01,388 [INFO] Codes: ET00451760, ET00492371
2026-04-22 00:30:01,696 [INFO] ET00451760: 1 theatres, no AMB/ALLU
2026-04-22 00:30:01,696 [INFO] Waiting 58s before next request...
2026-04-22 00:31:00,129 [INFO] ET00492371: Data is for 20260422, not 20260426 — skipping
2026-04-22 00:31:00,131 [INFO] No shows at AMB/ALLU for 26/04/2026 yet.
2026-04-22 00:45:01,233 [INFO] Checking Project Hail Mary for 26/04/2026...
2026-04-22 00:45:01,234 [INFO] Codes: ET00451760, ET00492371
2026-04-22 00:45:01,496 [INFO] ET00451760: 1 theatres, no AMB/ALLU
2026-04-22 00:45:01,497 [INFO] Waiting 64s before next request...
2026-04-22 00:46:05,474 [INFO] ET00492371: Data is for 20260422, not 20260426 — skipping
2026-04-22 00:46:05,475 [INFO] No shows at AMB/ALLU for 26/04/2026 yet.
2026-04-22 01:00:01,220 [INFO] Checking Project Hail Mary for 26/04/2026...
2026-04-22 01:00:01,220 [INFO] Codes: ET00451760, ET00492371
2026-04-22 01:00:01,505 [INFO] ET00451760: 1 theatres, no AMB/ALLU
2026-04-22 01:00:01,506 [INFO] Waiting 56s before next request...
2026-04-22 01:00:57,979 [INFO] ET00492371: Data is for 20260422, not 20260426 — skipping
2026-04-22 01:00:57,980 [INFO] No shows at AMB/ALLU for 26/04/2026 yet.
2026-04-22 01:15:01,257 [INFO] Checking Project Hail Mary for 26/04/2026...
2026-04-22 01:15:01,258 [INFO] Codes: ET00451760, ET00492371
2026-04-22 01:15:01,665 [INFO] ET00451760: 1 theatres, no AMB/ALLU
2026-04-22 01:15:01,665 [INFO] Waiting 56s before next request...
2026-04-22 01:15:57,582 [INFO] ET00492371: Data is for 20260422, not 20260426 — skipping
2026-04-22 01:15:57,584 [INFO] No shows at AMB/ALLU for 26/04/2026 yet.
2026-04-22 01:30:00,995 [INFO] Checking Project Hail Mary for 26/04/2026...
2026-04-22 01:30:00,996 [INFO] Codes: ET00451760, ET00492371
2026-04-22 01:30:01,353 [INFO] ET00451760: 1 theatres, no AMB/ALLU
2026-04-22 01:30:01,353 [INFO] Waiting 57s before next request...
2026-04-22 01:45:59,006 [INFO] ET00492371: Data is for 20260422, not 20260426 — skipping
2026-04-22 01:45:59,007 [INFO] No shows at AMB/ALLU for 26/04/2026 yet.
2026-04-22 07:30:01,333 [INFO] Checking Project Hail Mary for 26/04/2026...
2026-04-22 07:30:01,333 [INFO] Codes: ET00451760, ET00492371
2026-04-22 07:30:01,583 [INFO] ET00451760: 2 theatres, no AMB/ALLU
2026-04-22 07:30:01,583 [INFO] Waiting 60s before next request...
2026-04-22 07:31:01,864 [INFO] ET00492371: Data is for 20260422, not 20260426 — skipping
2026-04-22 07:31:01,865 [INFO] No shows at AMB/ALLU for 26/04/2026 yet.
2026-04-22 07:45:01,157 [INFO] Checking Project Hail Mary for 26/04/2026...
2026-04-22 07:45:01,157 [INFO] Codes: ET00451760, ET00492371
2026-04-22 07:45:03,258 [INFO] ET00451760: 2 theatres, no AMB/ALLU
2026-04-22 07:45:03,258 [INFO] Waiting 59s before next request...
2026-04-22 07:46:02,649 [INFO] ET00492371: Data is for 20260422, not 20260426 — skipping
2026-04-22 07:46:02,650 [INFO] No shows at AMB/ALLU for 26/04/2026 yet.
2026-04-22 08:00:00,933 [INFO] Checking Project Hail Mary for 26/04/2026...
2026-04-22 08:00:00,934 [INFO] Codes: ET00451760, ET00492371
2026-04-22 08:00:01,370 [INFO] ET00451760: 2 theatres, no AMB/ALLU
2026-04-22 08:00:01,371 [INFO] Waiting 65s before next request...
2026-04-22 08:01:06,278 [INFO] ET00492371: Data is for 20260422, not 20260426 — skipping
2026-04-22 08:01:06,280 [INFO] No shows at AMB/ALLU for 26/04/2026 yet.
2026-04-22 08:15:01,476 [INFO] Checking Project Hail Mary for 26/04/2026...
2026-04-22 08:15:01,476 [INFO] Codes: ET00451760, ET00492371
2026-04-22 08:15:01,774 [INFO] ET00451760: 2 theatres, no AMB/ALLU
2026-04-22 08:15:01,774 [INFO] Waiting 57s before next request...
2026-04-22 08:15:59,065 [INFO] ET00492371: Data is for 20260422, not 20260426 — skipping
2026-04-22 08:15:59,066 [INFO] No shows at AMB/ALLU for 26/04/2026 yet.
2026-04-22 08:30:00,702 [INFO] Checking Project Hail Mary for 26/04/2026...
2026-04-22 08:30:00,702 [INFO] Codes: ET00451760, ET00492371
2026-04-22 08:30:01,003 [INFO] ET00451760: 2 theatres, no AMB/ALLU
2026-04-22 08:30:01,004 [INFO] Waiting 60s before next request...
2026-04-22 08:31:02,061 [INFO] ET00492371: Data is for 20260422, not 20260426 — skipping
2026-04-22 08:31:02,062 [INFO] No shows at AMB/ALLU for 26/04/2026 yet.
2026-04-22 08:45:01,067 [INFO] Checking Project Hail Mary for 26/04/2026...
2026-04-22 08:45:01,067 [INFO] Codes: ET00451760, ET00492371
2026-04-22 08:45:01,293 [INFO] ET00451760: 2 theatres, no AMB/ALLU
2026-04-22 08:45:01,293 [INFO] Waiting 62s before next request...
2026-04-22 08:46:03,754 [INFO] ET00492371: Data is for 20260422, not 20260426 — skipping
2026-04-22 08:46:03,754 [INFO] No shows at AMB/ALLU for 26/04/2026 yet.
2026-04-22 09:00:01,420 [INFO] Checking Project Hail Mary for 26/04/2026...
2026-04-22 09:00:01,421 [INFO] Codes: ET00451760, ET00492371
2026-04-22 09:00:01,757 [INFO] ET00451760: 2 theatres, no AMB/ALLU
2026-04-22 09:00:01,757 [INFO] Waiting 61s before next request...
2026-04-22 09:01:03,039 [INFO] ET00492371: Data is for 20260422, not 20260426 — skipping
2026-04-22 09:01:03,040 [INFO] No shows at AMB/ALLU for 26/04/2026 yet.
2026-04-22 09:15:00,940 [INFO] Checking Project Hail Mary for 26/04/2026...
2026-04-22 09:15:00,941 [INFO] Codes: ET00451760, ET00492371
2026-04-22 09:15:02,088 [INFO] ET00451760: 2 theatres, no AMB/ALLU
2026-04-22 09:15:02,089 [INFO] Waiting 60s before next request...
2026-04-22 09:16:02,531 [INFO] ET00492371: Data is for 20260422, not 20260426 — skipping
2026-04-22 09:16:02,531 [INFO] No shows at AMB/ALLU for 26/04/2026 yet.
2026-04-22 10:03:15,369 [INFO] Checking Project Hail Mary for 26/04/2026...
2026-04-22 10:03:15,370 [INFO] Codes: ET00451760, ET00492371
2026-04-22 10:03:15,570 [INFO] ET00451760: 2 theatres, no AMB/ALLU
2026-04-22 10:03:15,571 [INFO] Waiting 57s before next request...
2026-04-22 10:21:04,350 [INFO] ET00492371: Data is for 20260422, not 20260426 — skipping
2026-04-22 10:21:04,351 [INFO] No shows at AMB/ALLU for 26/04/2026 yet.
2026-04-22 11:02:22,286 [INFO] Checking Project Hail Mary for 26/04/2026...
2026-04-22 11:02:22,287 [INFO] Codes: ET00451760, ET00492371
2026-04-22 11:02:22,920 [INFO] ET00451760: 3 theatres, no AMB/ALLU
2026-04-22 11:02:22,920 [INFO] Waiting 62s before next request...
2026-04-22 11:20:07,465 [INFO] ET00492371: Data is for 20260422, not 20260426 — skipping
2026-04-22 11:20:07,465 [INFO] No shows at AMB/ALLU for 26/04/2026 yet.
2026-04-22 12:34:17,987 [INFO] Checking Project Hail Mary for 26/04/2026...
2026-04-22 12:34:17,987 [INFO] Codes: ET00451760, ET00492371
2026-04-22 12:34:18,253 [INFO] ET00451760: 3 theatres, no AMB/ALLU
2026-04-22 12:34:18,253 [INFO] Waiting 58s before next request...
2026-04-22 12:50:42,076 [INFO] ET00492371: Data is for 20260422, not 20260426 — skipping
2026-04-22 12:50:42,077 [INFO] No shows at AMB/ALLU for 26/04/2026 yet.
2026-04-22 14:30:38,260 [INFO] Checking Project Hail Mary for 26/04/2026...
2026-04-22 14:30:38,260 [INFO] Codes: ET00451760, ET00492371
2026-04-22 14:30:38,507 [INFO] ET00451760: 3 theatres, no AMB/ALLU
2026-04-22 14:30:38,507 [INFO] Waiting 55s before next request...
2026-04-22 15:02:25,301 [INFO] ET00492371: Data is for 20260423, not 20260426 — skipping
2026-04-22 15:02:25,302 [INFO] No shows at AMB/ALLU for 26/04/2026 yet.
2026-04-22 18:34:38,135 [INFO] Checking Project Hail Mary for 26/04/2026...
2026-04-22 18:34:38,137 [INFO] Codes: ET00451760, ET00492371
2026-04-22 18:34:38,329 [INFO] ET00451760: 3 theatres, no AMB/ALLU
2026-04-22 18:34:38,329 [INFO] Waiting 59s before next request...
2026-04-22 18:50:37,395 [INFO] ET00492371: Data is for 20260423, not 20260426 — skipping
2026-04-22 18:50:37,396 [INFO] No shows at AMB/ALLU for 26/04/2026 yet.
2026-04-22 20:45:00,595 [INFO] Checking Project Hail Mary for 26/04/2026...
2026-04-22 20:45:00,596 [INFO] Codes: ET00451760, ET00492371
2026-04-22 20:45:00,830 [INFO] ET00451760: 7 theatres, no AMB/ALLU
2026-04-22 20:45:00,831 [INFO] Waiting 62s before next request...
2026-04-22 20:46:03,148 [INFO] ET00492371: Data is for 20260423, not 20260426 — skipping
2026-04-22 20:46:03,152 [INFO] No shows at AMB/ALLU for 26/04/2026 yet.
2026-04-22 21:17:41,277 [INFO] Checking Project Hail Mary for 26/04/2026...
2026-04-22 21:17:41,278 [INFO] Codes: ET00451760, ET00492371
2026-04-22 21:17:43,000 [INFO] ET00451760: 7 theatres, no AMB/ALLU
2026-04-22 21:17:43,000 [INFO] Waiting 56s before next request...
2026-04-22 21:18:39,350 [INFO] ET00492371: Data is for 20260423, not 20260426 — skipping
2026-04-22 21:18:39,352 [INFO] No shows at AMB/ALLU for 26/04/2026 yet.
2026-04-22 21:30:01,535 [INFO] Checking Project Hail Mary for 26/04/2026...
2026-04-22 21:30:01,536 [INFO] Codes: ET00451760, ET00492371
2026-04-22 21:30:01,772 [INFO] ET00451760: 7 theatres, no AMB/ALLU
2026-04-22 21:30:01,773 [INFO] Waiting 59s before next request...
2026-04-22 21:31:00,954 [INFO] ET00492371: Data is for 20260423, not 20260426 — skipping
2026-04-22 21:31:00,954 [INFO] No shows at AMB/ALLU for 26/04/2026 yet.
2026-04-22 21:45:01,250 [INFO] Checking Project Hail Mary for 26/04/2026...
2026-04-22 21:45:01,251 [INFO] Codes: ET00451760, ET00492371
2026-04-22 21:45:01,688 [INFO] ET00451760: 7 theatres, no AMB/ALLU
2026-04-22 21:45:01,689 [INFO] Waiting 58s before next request...
2026-04-22 21:46:00,610 [INFO] ET00492371: Data is for 20260423, not 20260426 — skipping
2026-04-22 21:46:00,611 [INFO] No shows at AMB/ALLU for 26/04/2026 yet.
2026-04-22 22:00:01,183 [INFO] Checking Project Hail Mary for 26/04/2026...
2026-04-22 22:00:01,184 [INFO] Codes: ET00451760, ET00492371
2026-04-22 22:00:01,507 [INFO] ET00451760: 7 theatres, no AMB/ALLU
2026-04-22 22:00:01,507 [INFO] Waiting 59s before next request...
2026-04-22 22:01:00,757 [INFO] ET00492371: Data is for 20260423, not 20260426 — skipping
2026-04-22 22:01:00,759 [INFO] No shows at AMB/ALLU for 26/04/2026 yet.
2026-04-22 22:15:01,253 [INFO] Checking Project Hail Mary for 26/04/2026...
2026-04-22 22:15:01,255 [INFO] Codes: ET00451760, ET00492371
2026-04-22 22:15:03,255 [INFO] ET00451760: 7 theatres, no AMB/ALLU
2026-04-22 22:15:03,255 [INFO] Waiting 62s before next request...
2026-04-22 22:16:05,113 [INFO] ET00492371: Data is for 20260423, not 20260426 — skipping
2026-04-22 22:16:05,113 [INFO] No shows at AMB/ALLU for 26/04/2026 yet.
2026-04-22 22:30:01,118 [INFO] Checking Project Hail Mary for 26/04/2026...
2026-04-22 22:30:01,118 [INFO] Codes: ET00451760, ET00492371
2026-04-22 22:30:01,331 [INFO] ET00451760: 7 theatres, no AMB/ALLU
2026-04-22 22:30:01,331 [INFO] Waiting 60s before next request...
2026-04-22 22:31:01,683 [INFO] ET00492371: Data is for 20260423, not 20260426 — skipping
2026-04-22 22:31:01,685 [INFO] No shows at AMB/ALLU for 26/04/2026 yet.
2026-04-22 22:45:01,304 [INFO] Checking Project Hail Mary for 26/04/2026...
2026-04-22 22:45:01,305 [INFO] Codes: ET00451760, ET00492371
2026-04-22 22:45:01,614 [INFO] ET00451760: 7 theatres, no AMB/ALLU
2026-04-22 22:45:01,615 [INFO] Waiting 65s before next request...
2026-04-22 22:46:06,517 [INFO] ET00492371: Data is for 20260423, not 20260426 — skipping
2026-04-22 22:46:06,517 [INFO] No shows at AMB/ALLU for 26/04/2026 yet.
2026-04-22 23:00:00,793 [INFO] Checking Project Hail Mary for 26/04/2026...
2026-04-22 23:00:00,794 [INFO] Codes: ET00451760, ET00492371
2026-04-22 23:00:01,072 [INFO] ET00451760: 7 theatres, no AMB/ALLU
2026-04-22 23:00:01,073 [INFO] Waiting 59s before next request...
2026-04-22 23:01:00,694 [INFO] ET00492371: Data is for 20260423, not 20260426 — skipping
2026-04-22 23:01:00,695 [INFO] No shows at AMB/ALLU for 26/04/2026 yet.
2026-04-22 23:15:00,869 [INFO] Checking Project Hail Mary for 26/04/2026...
2026-04-22 23:15:00,870 [INFO] Codes: ET00451760, ET00492371
2026-04-22 23:15:01,206 [INFO] ET00451760: 7 theatres, no AMB/ALLU
2026-04-22 23:15:01,206 [INFO] Waiting 59s before next request...
2026-04-22 23:16:00,511 [INFO] ET00492371: Data is for 20260423, not 20260426 — skipping
2026-04-22 23:16:00,512 [INFO] No shows at AMB/ALLU for 26/04/2026 yet.
2026-04-22 23:30:00,581 [INFO] Checking Project Hail Mary for 26/04/2026...
2026-04-22 23:30:00,582 [INFO] Codes: ET00451760, ET00492371
2026-04-22 23:30:00,902 [INFO] ET00451760: 7 theatres, no AMB/ALLU
2026-04-22 23:30:00,903 [INFO] Waiting 55s before next request...
2026-04-22 23:30:56,361 [INFO] ET00492371: Data is for 20260423, not 20260426 — skipping
2026-04-22 23:30:56,363 [INFO] No shows at AMB/ALLU for 26/04/2026 yet.
2026-04-22 23:45:00,723 [INFO] Checking Project Hail Mary for 26/04/2026...
2026-04-22 23:45:00,725 [INFO] Codes: ET00451760, ET00492371
2026-04-22 23:45:00,932 [INFO] ET00451760: 7 theatres, no AMB/ALLU
2026-04-22 23:45:00,932 [INFO] Waiting 61s before next request...
2026-04-22 23:46:01,901 [INFO] ET00492371: Data is for 20260423, not 20260426 — skipping
2026-04-22 23:46:01,901 [INFO] No shows at AMB/ALLU for 26/04/2026 yet.
2026-04-23 00:00:01,012 [INFO] Checking Project Hail Mary for 26/04/2026...
2026-04-23 00:00:01,012 [INFO] Codes: ET00451760, ET00492371
2026-04-23 00:00:01,342 [INFO] ET00451760: 7 theatres, no AMB/ALLU
2026-04-23 00:00:01,342 [INFO] Waiting 65s before next request...
2026-04-23 00:01:06,437 [INFO] ET00492371: Data is for 20260423, not 20260426 — skipping
2026-04-23 00:01:06,438 [INFO] No shows at AMB/ALLU for 26/04/2026 yet.
2026-04-23 00:15:01,429 [INFO] Checking Project Hail Mary for 26/04/2026...
2026-04-23 00:15:01,431 [INFO] Codes: ET00451760, ET00492371
2026-04-23 00:15:02,441 [INFO] ET00451760: 7 theatres, no AMB/ALLU
2026-04-23 00:15:02,441 [INFO] Waiting 64s before next request...
2026-04-23 00:16:07,460 [INFO] ET00492371: Data is for 20260423, not 20260426 — skipping
2026-04-23 00:16:07,466 [INFO] No shows at AMB/ALLU for 26/04/2026 yet.
2026-04-23 00:30:00,979 [INFO] Checking Project Hail Mary for 26/04/2026...
2026-04-23 00:30:00,980 [INFO] Codes: ET00451760, ET00492371
2026-04-23 00:30:01,593 [INFO] ET00451760: 7 theatres, no AMB/ALLU
2026-04-23 00:30:01,594 [INFO] Waiting 60s before next request...
2026-04-23 00:31:03,475 [INFO] ET00492371: Data is for 20260423, not 20260426 — skipping
2026-04-23 00:31:03,477 [INFO] No shows at AMB/ALLU for 26/04/2026 yet.
2026-04-23 00:45:00,749 [INFO] Checking Project Hail Mary for 26/04/2026...
2026-04-23 00:45:00,750 [INFO] Codes: ET00451760, ET00492371
2026-04-23 00:45:01,481 [INFO] ET00451760: 7 theatres, no AMB/ALLU
2026-04-23 00:45:01,482 [INFO] Waiting 64s before next request...
2026-04-23 00:46:06,486 [INFO] ET00492371: Data is for 20260423, not 20260426 — skipping
2026-04-23 00:46:06,487 [INFO] No shows at AMB/ALLU for 26/04/2026 yet.
2026-04-23 01:16:37,315 [INFO] Checking Project Hail Mary for 26/04/2026...
2026-04-23 01:16:37,326 [INFO] Codes: ET00451760, ET00492371
2026-04-23 01:16:37,637 [INFO] ET00451760: 7 theatres, no AMB/ALLU
2026-04-23 01:16:37,637 [INFO] Waiting 64s before next request...
2026-04-23 01:17:41,808 [INFO] ET00492371: Data is for 20260423, not 20260426 — skipping
2026-04-23 01:17:41,815 [INFO] No shows at AMB/ALLU for 26/04/2026 yet.
2026-04-23 01:30:01,146 [INFO] Checking Project Hail Mary for 26/04/2026...
2026-04-23 01:30:01,147 [INFO] Codes: ET00451760, ET00492371
2026-04-23 01:30:01,516 [INFO] ET00451760: 7 theatres, no AMB/ALLU
2026-04-23 01:30:01,516 [INFO] Waiting 58s before next request...
2026-04-23 01:30:59,892 [INFO] ET00492371: Data is for 20260423, not 20260426 — skipping
2026-04-23 01:30:59,893 [INFO] No shows at AMB/ALLU for 26/04/2026 yet.
2026-04-23 01:45:01,051 [INFO] Checking Project Hail Mary for 26/04/2026...
2026-04-23 01:45:01,051 [INFO] Codes: ET00451760, ET00492371
2026-04-23 01:45:01,291 [INFO] ET00451760: 7 theatres, no AMB/ALLU
2026-04-23 01:45:01,292 [INFO] Waiting 59s before next request...
2026-04-23 01:46:00,378 [INFO] ET00492371: Data is for 20260423, not 20260426 — skipping
2026-04-23 01:46:00,379 [INFO] No shows at AMB/ALLU for 26/04/2026 yet.
2026-04-23 02:00:01,485 [INFO] Checking Project Hail Mary for 26/04/2026...
2026-04-23 02:00:01,485 [INFO] Codes: ET00451760, ET00492371
2026-04-23 02:00:01,776 [INFO] ET00451760: 7 theatres, no AMB/ALLU
2026-04-23 02:00:01,777 [INFO] Waiting 57s before next request...
2026-04-23 02:00:59,573 [INFO] ET00492371: Data is for 20260423, not 20260426 — skipping
2026-04-23 02:00:59,573 [INFO] No shows at AMB/ALLU for 26/04/2026 yet.
2026-04-23 02:15:00,965 [INFO] Checking Project Hail Mary for 26/04/2026...
2026-04-23 02:15:00,965 [INFO] Codes: ET00451760, ET00492371
2026-04-23 02:15:01,323 [INFO] ET00451760: 16 theatres, no AMB/ALLU
2026-04-23 02:15:01,323 [INFO] Waiting 63s before next request...
2026-04-23 02:16:04,512 [INFO] ET00492371: Data is for 20260423, not 20260426 — skipping
2026-04-23 02:16:04,513 [INFO] No shows at AMB/ALLU for 26/04/2026 yet.
2026-04-23 02:30:00,644 [INFO] Checking Project Hail Mary for 26/04/2026...
2026-04-23 02:30:00,644 [INFO] Codes: ET00451760, ET00492371
2026-04-23 02:30:01,051 [INFO] ET00451760: 16 theatres, no AMB/ALLU
2026-04-23 02:30:01,051 [INFO] Waiting 62s before next request...
2026-04-23 02:31:03,529 [INFO] ET00492371: Data is for 20260423, not 20260426 — skipping
2026-04-23 02:31:03,530 [INFO] No shows at AMB/ALLU for 26/04/2026 yet.
2026-04-23 02:45:00,737 [INFO] Checking Project Hail Mary for 26/04/2026...
2026-04-23 02:45:00,738 [INFO] Codes: ET00451760, ET00492371
2026-04-23 02:45:01,081 [INFO] ET00451760: 16 theatres, no AMB/ALLU
2026-04-23 02:45:01,082 [INFO] Waiting 64s before next request...
2026-04-23 02:46:05,891 [INFO] ET00492371: Data is for 20260423, not 20260426 — skipping
2026-04-23 02:46:05,893 [INFO] No shows at AMB/ALLU for 26/04/2026 yet.
2026-04-23 03:00:00,967 [INFO] Checking Project Hail Mary for 26/04/2026...
2026-04-23 03:00:00,968 [INFO] Codes: ET00451760, ET00492371
2026-04-23 03:00:01,312 [INFO] ET00451760: 16 theatres, no AMB/ALLU
2026-04-23 03:00:01,313 [INFO] Waiting 55s before next request...
2026-04-23 03:00:57,078 [INFO] ET00492371: Data is for 20260423, not 20260426 — skipping
2026-04-23 03:00:57,078 [INFO] No shows at AMB/ALLU for 26/04/2026 yet.
2026-04-23 05:15:15,551 [INFO] Checking Project Hail Mary for 26/04/2026...
2026-04-23 05:15:15,552 [INFO] Codes: ET00451760, ET00492371
2026-04-23 05:15:15,807 [INFO] ET00451760: 16 theatres, no AMB/ALLU
2026-04-23 05:15:15,807 [INFO] Waiting 59s before next request...
2026-04-23 05:46:23,324 [WARNING] Attempt 1/5: Failed to perform, curl: (28) Resolving timed out after 902646 milliseconds. See https://curl.se/libcurl/c/libcurl-errors.html first for more details.
2026-04-23 05:46:23,325 [INFO] Retrying in 9s...
2026-04-23 05:46:32,939 [INFO] ET00492371: Data is for 20260423, not 20260426 — skipping
2026-04-23 05:46:32,939 [INFO] No shows at AMB/ALLU for 26/04/2026 yet.
2026-04-23 08:15:00,699 [INFO] Checking Project Hail Mary for 26/04/2026...
2026-04-23 08:15:00,700 [INFO] Codes: ET00451760, ET00492371
2026-04-23 08:15:00,989 [INFO] ET00451760: 16 theatres, no AMB/ALLU
2026-04-23 08:15:00,989 [INFO] Waiting 60s before next request...
2026-04-23 08:16:01,056 [INFO] ET00492371: Data is for 20260423, not 20260426 — skipping
2026-04-23 08:16:01,057 [INFO] No shows at AMB/ALLU for 26/04/2026 yet.
2026-04-23 08:30:01,118 [INFO] Checking Project Hail Mary for 26/04/2026...
2026-04-23 08:30:01,119 [INFO] Codes: ET00451760, ET00492371
2026-04-23 08:30:01,381 [INFO] ET00451760: 16 theatres, no AMB/ALLU
2026-04-23 08:30:01,381 [INFO] Waiting 63s before next request...
2026-04-23 08:31:04,606 [INFO] ET00492371: Data is for 20260423, not 20260426 — skipping
2026-04-23 08:31:04,606 [INFO] No shows at AMB/ALLU for 26/04/2026 yet.
2026-04-23 08:45:01,320 [INFO] Checking Project Hail Mary for 26/04/2026...
2026-04-23 08:45:01,322 [INFO] Codes: ET00451760, ET00492371
2026-04-23 08:45:01,603 [INFO] ET00451760: 16 theatres, no AMB/ALLU
2026-04-23 08:45:01,604 [INFO] Waiting 63s before next request...
2026-04-23 08:46:04,964 [INFO] ET00492371: Data is for 20260423, not 20260426 — skipping
2026-04-23 08:46:04,964 [INFO] No shows at AMB/ALLU for 26/04/2026 yet.
2026-04-23 10:30:01,657 [INFO] Checking Project Hail Mary for 26/04/2026...
2026-04-23 10:30:01,658 [INFO] Codes: ET00451760, ET00492371
2026-04-23 10:30:02,216 [INFO] ET00451760: 16 theatres, no AMB/ALLU
2026-04-23 10:30:02,216 [INFO] Waiting 61s before next request...
2026-04-23 10:31:13,571 [INFO] ET00492371: Data is for 20260423, not 20260426 — skipping
2026-04-23 10:31:13,571 [INFO] No shows at AMB/ALLU for 26/04/2026 yet.
2026-04-23 13:17:06,006 [INFO] Checking Project Hail Mary for 26/04/2026...
2026-04-23 13:17:06,007 [INFO] Codes: ET00451760, ET00492371
2026-04-23 13:17:06,347 [INFO] ET00451760: AMB Cinemas: Gachibowli -> (times in JS only)
2026-04-23 13:17:06,348 [INFO] Waiting 63s before next request...
2026-04-23 13:18:29,082 [INFO] ET00492371: ALLU Cinemas: Kokapet -> (times in JS only)
2026-04-23 13:18:29,086 [INFO] ✓ NEW: AMB Cinemas: Gachibowli: Show added!
2026-04-23 13:18:29,086 [INFO] ✓ NEW: ALLU Cinemas: Kokapet: Show added!
2026-04-23 13:18:33,612 [INFO] Email sent!
2026-04-23 13:41:24,394 [INFO] Checking Project Hail Mary for 26/04/2026...
2026-04-23 13:41:24,394 [INFO] Codes: ET00451760, ET00492371
2026-04-23 13:41:24,783 [INFO] ET00451760: AMB Cinemas: Gachibowli -> 10:25 PM
2026-04-23 13:41:24,783 [INFO] Waiting 62s before next request...
2026-04-23 13:42:26,704 [INFO] ET00492371: AMB Cinemas: Gachibowli -> 10:25 PM
2026-04-23 13:42:26,706 [INFO] ET00492371: 0 theatres, no AMB/ALLU
2026-04-23 13:42:26,708 [INFO] ✓ NEW: AMB Cinemas: Gachibowli: 10:25 PM
2026-04-23 13:42:26,708 [WARNING] Email not configured. SUBJECT: 🎬 Project Hail Mary — NEW shows at AMB/ALLU! (26/04/2026)
